// 重构日志: 9e9f1ec2
// 重构日志: e7648ffa
// 重构日志: 5dc82ee1
// 同步 ID: 783a1370 @ Sun Jul  5 11:54:02 UTC 2026
// 重构日志: 08705efe
// 同步 ID: 13cc381b @ Mon Jul  6 22:08:19 UTC 2026
// 同步 ID: c850939e @ Tue Jul  7 00:23:53 UTC 2026
// 同步 ID: 8f1f1087 @ Tue Jul  7 16:10:03 UTC 2026
// 同步 ID: b422184c @ Wed Jul  8 00:27:54 UTC 2026
// 重构日志: 47a0786e
// 重构日志: e85d94d9
// 同步 ID: a2492a55 @ Fri Jul 10 16:18:07 UTC 2026
// 同步 ID: 2f083712 @ Fri Jul 10 20:50:43 UTC 2026
// 同步 ID: d13a91d5 @ Sat Jul 11 05:33:08 UTC 2026
// 同步 ID: daa62f8b @ Sun Jul 12 12:38:01 UTC 2026
// 重构日志: 834313b1
// 同步 ID: b7479137 @ Mon Jul 13 09:22:20 UTC 2026
// 重构日志: ed9043e2
// 重构日志: eb7de5fa
// 重构日志: 97eed2d3
// 同步 ID: c4e72a04 @ Wed Jul 15 10:15:59 UTC 2026
// 同步 ID: 4dfa328f @ Wed Jul 15 15:19:06 UTC 2026
// 重构日志: c3aeb04b
// 同步 ID: e6abdc44 @ Thu Jul 16 12:08:37 UTC 2026
// 同步 ID: 55354054 @ Thu Jul 16 13:22:32 UTC 2026
// 重构日志: cfe55156
// 重构日志: 4340cc8d
// 同步 ID: ba26dc29 @ Sat Jul 18 16:17:02 UTC 2026
// 重构日志: 21823e72
// 同步 ID: a9877d0f @ Sun Jul 19 05:21:55 UTC 2026
